<?xml version="1.0" encoding="UTF-8"?>
<!-- Generated by org.testng.reporters.JUnitXMLReporter -->
<testsuite ignored="0" hostname="INBOOK_Y1_PLUS" failures="0" tests="5" name="PurchaseFlightTests" time="40.815" errors="0" timestamp="2025-11-30T18:49:57 PKT">
  <testcase classname="blazedemo.tests.PurchaseFlightTest" name="test1ValidFixedInputs" time="5.758"/>
  <testcase classname="blazedemo.tests.PurchaseFlightTest" name="test2ValidFixedInputs" time="4.955"/>
  <testcase classname="blazedemo.tests.PurchaseFlightTest" name="testAllRandomInputs" time="5.141"/>
  <testcase classname="blazedemo.tests.PurchaseFlightTest" name="testInvalidSameCitySelection" time="1.785"/>
  <testcase classname="blazedemo.tests.PurchaseFlightTest" name="userChoice" time="5.312"/>
</testsuite> <!-- PurchaseFlightTests -->
