<?xml version="1.0" encoding="UTF-8"?>
<!-- Generated by org.testng.reporters.JUnitReportReporter -->
<testsuite hostname="INBOOK_Y1_PLUS" failures="0" tests="5" name="blazedemo.tests.PurchaseFlightTest" time="40.747" errors="0" timestamp="2025-11-30T18:49:57 PKT" skipped="0">
  <testcase classname="blazedemo.tests.PurchaseFlightTest" name="test2ValidFixedInputs" time="14.564"/>
  <testcase classname="blazedemo.tests.PurchaseFlightTest" name="test1ValidFixedInputs" time="7.690"/>
  <testcase classname="blazedemo.tests.PurchaseFlightTest" name="testAllRandomInputs" time="6.931"/>
  <testcase classname="blazedemo.tests.PurchaseFlightTest" name="testInvalidSameCitySelection" time="4.252"/>
  <testcase classname="blazedemo.tests.PurchaseFlightTest" name="userChoice" time="7.310"/>
</testsuite> <!-- blazedemo.tests.PurchaseFlightTest -->
